app/build/intermediates/manifest_merge_blame_file/debug/manifest-merger-blame-debug-report.txt
1<?xml version="1.0" encoding="utf-8"?>
2<manifest xmlns:android="http://schemas.android.com/apk/res/android"
3    package="com.example.nutechwallet"
4    android:versionCode="1"
5    android:versionName="1.0" >
6
7    <uses-sdk
8        android:minSdkVersion="21"
8-->src\main\AndroidManifest.xml
9        android:targetSdkVersion="30" />
9-->src\main\AndroidManifest.xml
10
11    <uses-permission android:name="android.permission.ACCESS_NETWORK_STATE" />
11-->src\main\AndroidManifest.xml:5:5-79
11-->src\main\AndroidManifest.xml:5:22-76
12    <uses-permission android:name="android.permission.INTERNET" />
12-->src\main\AndroidManifest.xml:6:5-66
12-->src\main\AndroidManifest.xml:6:22-64
13    <uses-permission android:name="android.permission.ACCESS_WIFI_STATE" />
13-->src\main\AndroidManifest.xml:7:5-75
13-->src\main\AndroidManifest.xml:7:22-73
14    <uses-permission android:name="android.permission.ACCESS_COARSE_LOCATION" />
14-->src\main\AndroidManifest.xml:9:5-81
14-->src\main\AndroidManifest.xml:9:22-78
15    <uses-permission android:name="android.permission.ACCESS_FINE_LOCATION" />
15-->src\main\AndroidManifest.xml:10:5-79
15-->src\main\AndroidManifest.xml:10:22-76
16    <uses-permission android:name="android.permission.CAMERA" />
16-->src\main\AndroidManifest.xml:12:5-65
16-->src\main\AndroidManifest.xml:12:22-62
17
18    <uses-feature android:name="android.hardware.camera" />
18-->src\main\AndroidManifest.xml:13:5-59
18-->src\main\AndroidManifest.xml:13:19-57
19    <uses-feature android:name="android.hardware.camera.autofocus" />
19-->src\main\AndroidManifest.xml:14:5-70
19-->src\main\AndroidManifest.xml:14:19-67
20
21    <application
21-->src\main\AndroidManifest.xml:16:5-73:19
22        android:name="com.example.nutechwallet.base.SingletonApp"
22-->src\main\AndroidManifest.xml:23:9-66
23        android:allowBackup="false"
23-->src\main\AndroidManifest.xml:17:9-36
24        android:appComponentFactory="androidx.core.app.CoreComponentFactory"
24-->[androidx.core:core:1.1.0] AndroidManifest.xml:24:18-86
25        android:debuggable="true"
26        android:icon="@mipmap/ic_launcher"
26-->src\main\AndroidManifest.xml:18:9-43
27        android:label="@string/app_name"
27-->src\main\AndroidManifest.xml:19:9-41
28        android:roundIcon="@mipmap/ic_launcher_round"
28-->src\main\AndroidManifest.xml:20:9-54
29        android:supportsRtl="true"
29-->src\main\AndroidManifest.xml:22:9-35
30        android:theme="@style/AppTheme"
30-->src\main\AndroidManifest.xml:21:9-40
31        android:usesCleartextTraffic="true" >
31-->src\main\AndroidManifest.xml:24:9-44
32        <activity
32-->src\main\AndroidManifest.xml:27:5-34:16
33            android:name="com.example.nutechwallet.screen.SplashActivity"
33-->src\main\AndroidManifest.xml:28:9-70
34            android:screenOrientation="portrait" >
34-->src\main\AndroidManifest.xml:29:9-45
35            <intent-filter>
35-->src\main\AndroidManifest.xml:30:9-33:25
36                <action android:name="android.intent.action.MAIN" />
36-->src\main\AndroidManifest.xml:31:13-65
36-->src\main\AndroidManifest.xml:31:21-62
37
38                <category android:name="android.intent.category.LAUNCHER" />
38-->src\main\AndroidManifest.xml:32:13-73
38-->src\main\AndroidManifest.xml:32:23-70
39            </intent-filter>
40        </activity>
41        <activity
41-->src\main\AndroidManifest.xml:36:9-40:20
42            android:name="com.example.nutechwallet.screen.LoginActivity"
42-->src\main\AndroidManifest.xml:37:13-73
43            android:screenOrientation="portrait"
43-->src\main\AndroidManifest.xml:38:13-49
44            android:windowSoftInputMode="stateAlwaysHidden" >
44-->src\main\AndroidManifest.xml:39:13-60
45        </activity>
46        <activity
46-->src\main\AndroidManifest.xml:42:9-46:20
47            android:name="com.example.nutechwallet.screen.DashboardActivity"
47-->src\main\AndroidManifest.xml:43:13-77
48            android:screenOrientation="portrait"
48-->src\main\AndroidManifest.xml:44:13-49
49            android:windowSoftInputMode="stateAlwaysHidden|adjustResize" >
49-->src\main\AndroidManifest.xml:45:13-73
50        </activity>
51        <activity
51-->src\main\AndroidManifest.xml:48:9-52:20
52            android:name="com.example.nutechwallet.screen.RegisterActivity"
52-->src\main\AndroidManifest.xml:49:13-76
53            android:screenOrientation="portrait"
53-->src\main\AndroidManifest.xml:50:13-49
54            android:windowSoftInputMode="stateAlwaysHidden|adjustResize" >
54-->src\main\AndroidManifest.xml:51:13-73
55        </activity>
56        <activity
56-->src\main\AndroidManifest.xml:54:9-58:20
57            android:name="com.example.nutechwallet.screen.TopupActivity"
57-->src\main\AndroidManifest.xml:55:13-73
58            android:screenOrientation="portrait"
58-->src\main\AndroidManifest.xml:56:13-49
59            android:windowSoftInputMode="stateAlwaysHidden|adjustResize" >
59-->src\main\AndroidManifest.xml:57:13-73
60        </activity>
61        <activity
61-->src\main\AndroidManifest.xml:60:9-64:20
62            android:name="com.example.nutechwallet.screen.ProfileActivity"
62-->src\main\AndroidManifest.xml:61:13-75
63            android:screenOrientation="portrait"
63-->src\main\AndroidManifest.xml:62:13-49
64            android:windowSoftInputMode="stateAlwaysHidden|adjustResize" >
64-->src\main\AndroidManifest.xml:63:13-73
65        </activity>
66        <activity
66-->src\main\AndroidManifest.xml:66:9-70:20
67            android:name="com.example.nutechwallet.screen.UpdateProfileActivity"
67-->src\main\AndroidManifest.xml:67:13-81
68            android:screenOrientation="portrait"
68-->src\main\AndroidManifest.xml:68:13-49
69            android:windowSoftInputMode="stateAlwaysHidden|adjustResize" >
69-->src\main\AndroidManifest.xml:69:13-73
70        </activity>
71
72        <provider
72-->[com.squareup.picasso:picasso:2.71828] AndroidManifest.xml:8:9-11:40
73            android:name="com.squareup.picasso.PicassoProvider"
73-->[com.squareup.picasso:picasso:2.71828] AndroidManifest.xml:9:13-64
74            android:authorities="com.example.nutechwallet.com.squareup.picasso"
74-->[com.squareup.picasso:picasso:2.71828] AndroidManifest.xml:10:13-72
75            android:exported="false" />
75-->[com.squareup.picasso:picasso:2.71828] AndroidManifest.xml:11:13-37
76
77        <activity
77-->[com.google.android.gms:play-services-base:17.0.0] AndroidManifest.xml:23:9-26:75
78            android:name="com.google.android.gms.common.api.GoogleApiActivity"
78-->[com.google.android.gms:play-services-base:17.0.0] AndroidManifest.xml:24:13-79
79            android:exported="false"
79-->[com.google.android.gms:play-services-base:17.0.0] AndroidManifest.xml:25:13-37
80            android:theme="@android:style/Theme.Translucent.NoTitleBar" />
80-->[com.google.android.gms:play-services-base:17.0.0] AndroidManifest.xml:26:13-72
81
82        <meta-data
82-->[com.google.android.gms:play-services-basement:17.0.0] AndroidManifest.xml:23:9-25:69
83            android:name="com.google.android.gms.version"
83-->[com.google.android.gms:play-services-basement:17.0.0] AndroidManifest.xml:24:13-58
84            android:value="@integer/google_play_services_version" />
84-->[com.google.android.gms:play-services-basement:17.0.0] AndroidManifest.xml:25:13-66
85    </application>
86
87</manifest>